Testing on: ['CL_DEVICE_TYPE_DEFAULT']
Test execution arguments: ['run_conformance.py', 'opencl_conformance_tests_reallyquick.csv']
Logging to file opencl_conformance_results_2020-04-28_15-09.log.
Loaded tests from opencl_conformance_tests_reallyquick.csv, total of 59 tests selected to run:
Compute Info                                       (computeinfo/computeinfo)
Basic                                              (basic/test_basic)
API                                                (api/test_api)
Compiler                                           (compiler/test_compiler)
Common Functions                                   (commonfns/test_commonfns)
Geometric Functions                                (geometrics/test_geometrics)
Relationals                                        (relationals/test_relationals relational_*)
Thread Dimensions                                  (thread_dimensions/test_thread_dimensions quick*)
Multiple Device/Context                            (multiple_device_context/test_multiples)
Atomics                                            (atomics/test_atomics)
Profiling                                          (profiling/test_profiling)
Events                                             (events/test_events)
Allocations (single maximum)                       (allocations/test_allocations single 1 buffer)
Allocations (total maximum)                        (allocations/test_allocations multiple 1 buffer)
Printf                                             (printf/test_printf)
Device Partitioning                                (device_partition/test_device_partition)
Buffers                                            (buffers/test_buffers buffer_read_int buffer_write_int buffer_map_read_int buffer_map_write_int sub_buffers*)
Mem (Host Flags)                                   (mem_host_flags/test_mem_host_flags)
Headers (cl_typen)                                 (headers/test_headers)
Headers (cl.h standalone)                          (headers/test_cl_h)
Headers (cl_platform.h standalone)                 (headers/test_cl_platform_h)
Headers (cl_gl.h standalone)                       (headers/test_cl_gl_h)
Headers (opencl.h standalone)                      (headers/test_opencl_h)
OpenCL-GL Sharing                                  (gl/test_gl)
Select                                             (select/test_select -w)
Conversions                                        (conversions/test_conversions -w1)
Contractions                                       (contractions/contractions)
Math                                               (math_brute_force/bruteforce -w1)
Integer Ops                                        (integer_ops/test_integer_ops quick_char* quick_short_* quick_int* quick_long*)
Half Ops                                           (half/Test_half -w)
Basic 1.2                                          (compatibility/test_conformance/basic/test_basic)
API 1.2                                            (compatibility/test_conformance/api/test_api)
C11 Atomics (atomic_init)                          (c11_atomics/test_c11_atomics atomic_init)
C11 Atomics (atomic_store)                         (c11_atomics/test_c11_atomics atomic_store)
C11 Atomics (atomic_load)                          (c11_atomics/test_c11_atomics atomic_load)
C11 Atomics (atomic_exchange)                      (c11_atomics/test_c11_atomics atomic_exchange)
C11 Atomics (atomic_compare_exchange_weak)         (c11_atomics/test_c11_atomics atomic_compare_exchange_weak)
C11 Atomics (atomic_compare_exchange_strong)       (c11_atomics/test_c11_atomics atomic_compare_exchange_strong)
C11 Atomics (atomic_fetch_add)                     (c11_atomics/test_c11_atomics atomic_fetch_add)
C11 Atomics (atomic_fetch_sub)                     (c11_atomics/test_c11_atomics atomic_fetch_sub)
C11 Atomics (atomic_fetch_and)                     (c11_atomics/test_c11_atomics atomic_fetch_and)
C11 Atomics (atomic_fetch_or)                      (c11_atomics/test_c11_atomics atomic_fetch_or)
C11 Atomics (atomic_fetch_orand)                   (c11_atomics/test_c11_atomics atomic_fetch_orand)
C11 Atomics (atomic_fetch_xor)                     (c11_atomics/test_c11_atomics atomic_fetch_xor)
C11 Atomics (atomic_fetch_xor2)                    (c11_atomics/test_c11_atomics atomic_fetch_xor2)
C11 Atomics (atomic_fetch_min)                     (c11_atomics/test_c11_atomics atomic_fetch_min)
C11 Atomics (atomic_fetch_max)                     (c11_atomics/test_c11_atomics atomic_fetch_max)
C11 Atomics (atomic_fence)                         (c11_atomics/test_c11_atomics atomic_fence)
C11 Atomics (svm)                                  (c11_atomics/test_c11_atomics svm_atomic*)
Execution Model                                    (device_execution/test_device_execution)
Generic Address Space                              (generic_address_space/test_generic_address_space)
Non Uniform Work Groups                            (non_uniform_work_group/test_non_uniform_work_group)
Pipes                                              (pipes/test_pipes)
SVM                                                (SVM/test_SVM)
Workgroups                                         (workgroups/test_workgroups)
Mipmaps (Kernel)                                   (images/kernel_read_write/test_image_streams test_mipmaps CL_FILTER_NEAREST)
Mipmaps (clCopyImage)                              (images/clCopyImage/test_cl_copy_images test_mipmaps)
Mipmaps (clReadWriteImage)                         (images/clReadWriteImage/test_cl_read_write_images test_mipmaps)
Subgroups                                          (subgroups/test_subgroups)
========================================================================================
========================================================================================
                     Setting CL_DEVICE_TYPE to CL_DEVICE_TYPE_DEFAULT                     
========================================================================================
========================================================================================
========================================================================================
========================================================================================
(28-Apr 15:09:52)     Running Tests: computeinfo/computeinfo
========================================================================================
========================================================================================
     ----------------------------------------------------------------------------------------
     (28-Apr 15:09:52)     Running Sub Test: Compute Info
     ----------------------------------------------------------------------------------------
     /bin/sh: 1: /home/taccuser/conformance_latest/conformance_latest/computeinfo/computeinfo: Permission denied
     ----------------------------------------------------------------------------------------
  *******************************************************************************************
  *  (28-Apr 15:09:53)     Test Compute Info ==> FAILED: 126
  *******************************************************************************************
     ----------------------------------------------------------------------------------------

========================================================================================
========================================================================================
(28-Apr 15:09:53)     Running Tests: basic/test_basic
========================================================================================
========================================================================================
     ----------------------------------------------------------------------------------------
     (28-Apr 15:09:53)     Running Sub Test: Basic
     ----------------------------------------------------------------------------------------
     /bin/sh: 1: /home/taccuser/conformance_latest/conformance_latest/basic/test_basic: Permission denied
     ----------------------------------------------------------------------------------------
  *******************************************************************************************
  *  (28-Apr 15:09:54)     Test Basic ==> FAILED: 126
  *******************************************************************************************
     ----------------------------------------------------------------------------------------

========================================================================================
========================================================================================
(28-Apr 15:09:54)     Running Tests: api/test_api
========================================================================================
========================================================================================
     ----------------------------------------------------------------------------------------
     (28-Apr 15:09:54)     Running Sub Test: API
     ----------------------------------------------------------------------------------------
     /bin/sh: 1: /home/taccuser/conformance_latest/conformance_latest/api/test_api: Permission denied
     ----------------------------------------------------------------------------------------
  *******************************************************************************************
  *  (28-Apr 15:09:55)     Test API ==> FAILED: 126
  *******************************************************************************************
     ----------------------------------------------------------------------------------------

========================================================================================
========================================================================================
(28-Apr 15:09:55)     Running Tests: compiler/test_compiler
========================================================================================
========================================================================================
     ----------------------------------------------------------------------------------------
     (28-Apr 15:09:55)     Running Sub Test: Compiler
     ----------------------------------------------------------------------------------------
     /bin/sh: 1: /home/taccuser/conformance_latest/conformance_latest/compiler/test_compiler: Permission denied
     ----------------------------------------------------------------------------------------
  *******************************************************************************************
  *  (28-Apr 15:09:56)     Test Compiler ==> FAILED: 126
  *******************************************************************************************
     ----------------------------------------------------------------------------------------

========================================================================================
========================================================================================
(28-Apr 15:09:56)     Running Tests: commonfns/test_commonfns
========================================================================================
========================================================================================
     ----------------------------------------------------------------------------------------
     (28-Apr 15:09:56)     Running Sub Test: Common Functions
     ----------------------------------------------------------------------------------------
     /bin/sh: 1: /home/taccuser/conformance_latest/conformance_latest/commonfns/test_commonfns: Permission denied
     ----------------------------------------------------------------------------------------
  *******************************************************************************************
  *  (28-Apr 15:09:57)     Test Common Functions ==> FAILED: 126
  *******************************************************************************************
     ----------------------------------------------------------------------------------------

========================================================================================
========================================================================================
(28-Apr 15:09:57)     Running Tests: geometrics/test_geometrics
========================================================================================
========================================================================================
     ----------------------------------------------------------------------------------------
     (28-Apr 15:09:57)     Running Sub Test: Geometric Functions
     ----------------------------------------------------------------------------------------
     /bin/sh: 1: /home/taccuser/conformance_latest/conformance_latest/geometrics/test_geometrics: Permission denied
     ----------------------------------------------------------------------------------------
  *******************************************************************************************
  *  (28-Apr 15:09:58)     Test Geometric Functions ==> FAILED: 126
  *******************************************************************************************
     ----------------------------------------------------------------------------------------

========================================================================================
========================================================================================
(28-Apr 15:09:58)     Running Tests: relationals/test_relationals relational_*
========================================================================================
========================================================================================
     ----------------------------------------------------------------------------------------
     (28-Apr 15:09:58)     Running Sub Test: Relationals
     ----------------------------------------------------------------------------------------
     /bin/sh: 1: /home/taccuser/conformance_latest/conformance_latest/relationals/test_relationals: Permission denied
     ----------------------------------------------------------------------------------------
  *******************************************************************************************
  *  (28-Apr 15:09:59)     Test Relationals ==> FAILED: 126
  *******************************************************************************************
     ----------------------------------------------------------------------------------------

========================================================================================
========================================================================================
(28-Apr 15:09:59)     Running Tests: thread_dimensions/test_thread_dimensions quick*
========================================================================================
========================================================================================
     ----------------------------------------------------------------------------------------
     (28-Apr 15:09:59)     Running Sub Test: Thread Dimensions
     ----------------------------------------------------------------------------------------
     /bin/sh: 1: /home/taccuser/conformance_latest/conformance_latest/thread_dimensions/test_thread_dimensions: Permission denied
     ----------------------------------------------------------------------------------------
  *******************************************************************************************
  *  (28-Apr 15:10:00)     Test Thread Dimensions ==> FAILED: 126
  *******************************************************************************************
     ----------------------------------------------------------------------------------------

========================================================================================
========================================================================================
(28-Apr 15:10:00)     Running Tests: multiple_device_context/test_multiples
========================================================================================
========================================================================================
     ----------------------------------------------------------------------------------------
     (28-Apr 15:10:00)     Running Sub Test: Multiple Device/Context
     ----------------------------------------------------------------------------------------
     /bin/sh: 1: /home/taccuser/conformance_latest/conformance_latest/multiple_device_context/test_multiples: Permission denied

FAILED: Execution interrupted.  Killing test process, but not aborting full test run.
