Testing on: ['CL_DEVICE_TYPE_DEFAULT']
Test execution arguments: ['run_conformance.py', 'opencl_conformance_tests_reallyquick.csv']
Logging to file opencl_conformance_results_2020-05-11_10-45.log.
Loaded tests from opencl_conformance_tests_reallyquick.csv, total of 59 tests selected to run:
Compute Info                                       (computeinfo/computeinfo)
Basic                                              (basic/test_basic)
API                                                (api/test_api)
Compiler                                           (compiler/test_compiler)
Common Functions                                   (commonfns/test_commonfns)
Geometric Functions                                (geometrics/test_geometrics)
Relationals                                        (relationals/test_relationals relational_*)
Thread Dimensions                                  (thread_dimensions/test_thread_dimensions quick*)
Multiple Device/Context                            (multiple_device_context/test_multiples)
Atomics                                            (atomics/test_atomics)
Profiling                                          (profiling/test_profiling)
Events                                             (events/test_events)
Allocations (single maximum)                       (allocations/test_allocations single 1 buffer)
Allocations (total maximum)                        (allocations/test_allocations multiple 1 buffer)
Printf                                             (printf/test_printf)
Device Partitioning                                (device_partition/test_device_partition)
Buffers                                            (buffers/test_buffers buffer_read_int buffer_write_int buffer_map_read_int buffer_map_write_int sub_buffers*)
Mem (Host Flags)                                   (mem_host_flags/test_mem_host_flags)
Headers (cl_typen)                                 (headers/test_headers)
Headers (cl.h standalone)                          (headers/test_cl_h)
Headers (cl_platform.h standalone)                 (headers/test_cl_platform_h)
Headers (cl_gl.h standalone)                       (headers/test_cl_gl_h)
Headers (opencl.h standalone)                      (headers/test_opencl_h)
OpenCL-GL Sharing                                  (gl/test_gl)
Select                                             (select/test_select -w)
Conversions                                        (conversions/test_conversions -w1)
Contractions                                       (contractions/contractions)
Math                                               (math_brute_force/bruteforce -w1)
Integer Ops                                        (integer_ops/test_integer_ops quick_char* quick_short_* quick_int* quick_long*)
Half Ops                                           (half/Test_half -w)
Basic 1.2                                          (compatibility/test_conformance/basic/test_basic)
API 1.2                                            (compatibility/test_conformance/api/test_api)
C11 Atomics (atomic_init)                          (c11_atomics/test_c11_atomics atomic_init)
C11 Atomics (atomic_store)                         (c11_atomics/test_c11_atomics atomic_store)
C11 Atomics (atomic_load)                          (c11_atomics/test_c11_atomics atomic_load)
C11 Atomics (atomic_exchange)                      (c11_atomics/test_c11_atomics atomic_exchange)
C11 Atomics (atomic_compare_exchange_weak)         (c11_atomics/test_c11_atomics atomic_compare_exchange_weak)
C11 Atomics (atomic_compare_exchange_strong)       (c11_atomics/test_c11_atomics atomic_compare_exchange_strong)
C11 Atomics (atomic_fetch_add)                     (c11_atomics/test_c11_atomics atomic_fetch_add)
C11 Atomics (atomic_fetch_sub)                     (c11_atomics/test_c11_atomics atomic_fetch_sub)
C11 Atomics (atomic_fetch_and)                     (c11_atomics/test_c11_atomics atomic_fetch_and)
C11 Atomics (atomic_fetch_or)                      (c11_atomics/test_c11_atomics atomic_fetch_or)
C11 Atomics (atomic_fetch_orand)                   (c11_atomics/test_c11_atomics atomic_fetch_orand)
C11 Atomics (atomic_fetch_xor)                     (c11_atomics/test_c11_atomics atomic_fetch_xor)
C11 Atomics (atomic_fetch_xor2)                    (c11_atomics/test_c11_atomics atomic_fetch_xor2)
C11 Atomics (atomic_fetch_min)                     (c11_atomics/test_c11_atomics atomic_fetch_min)
C11 Atomics (atomic_fetch_max)                     (c11_atomics/test_c11_atomics atomic_fetch_max)
C11 Atomics (atomic_fence)                         (c11_atomics/test_c11_atomics atomic_fence)
C11 Atomics (svm)                                  (c11_atomics/test_c11_atomics svm_atomic*)
Execution Model                                    (device_execution/test_device_execution)
Generic Address Space                              (generic_address_space/test_generic_address_space)
Non Uniform Work Groups                            (non_uniform_work_group/test_non_uniform_work_group)
Pipes                                              (pipes/test_pipes)
SVM                                                (SVM/test_SVM)
Workgroups                                         (workgroups/test_workgroups)
Mipmaps (Kernel)                                   (images/kernel_read_write/test_image_streams test_mipmaps CL_FILTER_NEAREST)
Mipmaps (clCopyImage)                              (images/clCopyImage/test_cl_copy_images test_mipmaps)
Mipmaps (clReadWriteImage)                         (images/clReadWriteImage/test_cl_read_write_images test_mipmaps)
Subgroups                                          (subgroups/test_subgroups)
========================================================================================
========================================================================================
                     Setting CL_DEVICE_TYPE to CL_DEVICE_TYPE_DEFAULT                     
========================================================================================
========================================================================================
========================================================================================
========================================================================================
(11-May 10:45:21)     Running Tests: computeinfo/computeinfo
========================================================================================
========================================================================================
     ----------------------------------------------------------------------------------------
     (11-May 10:45:21)     Running Sub Test: Compute Info
     ----------------------------------------------------------------------------------------
     ERROR: clGetPlatformIDs failed! ((unknown) from 2.0/test_conformance/computeinfo/main.c:729)
     ----------------------------------------------------------------------------------------
  *******************************************************************************************
  *  (11-May 10:45:22)     Test Compute Info ==> FAILED: 23
  *******************************************************************************************
     ----------------------------------------------------------------------------------------

========================================================================================
========================================================================================
(11-May 10:45:22)     Running Tests: basic/test_basic
========================================================================================
========================================================================================
     ----------------------------------------------------------------------------------------
     (11-May 10:45:22)     Running Sub Test: Basic
     ----------------------------------------------------------------------------------------
      Initializing random seed to 0.
     Requesting Default device based on environment variable for platform index 0 and device index 0
     ERROR: clGetPlatformIDs failed! ((unknown) from 2.0/test_conformance/allocations/../../test_common/harness/testHarness.c:259)
     ----------------------------------------------------------------------------------------
  *******************************************************************************************
  *  (11-May 10:45:24)     Test Basic ==> FAILED: 255
  *******************************************************************************************
     ----------------------------------------------------------------------------------------

========================================================================================
========================================================================================
(11-May 10:45:24)     Running Tests: api/test_api
========================================================================================
========================================================================================
     ----------------------------------------------------------------------------------------
     (11-May 10:45:24)     Running Sub Test: API
     ----------------------------------------------------------------------------------------
      Initializing random seed to 0.
     Requesting Default device based on environment variable for platform index 0 and device index 0
     ERROR: clGetPlatformIDs failed! ((unknown) from 2.0/test_conformance/allocations/../../test_common/harness/testHarness.c:259)
     ----------------------------------------------------------------------------------------
  *******************************************************************************************
  *  (11-May 10:45:26)     Test API ==> FAILED: 255
  *******************************************************************************************
     ----------------------------------------------------------------------------------------

========================================================================================
========================================================================================
(11-May 10:45:26)     Running Tests: compiler/test_compiler
========================================================================================
========================================================================================
     ----------------------------------------------------------------------------------------
     (11-May 10:45:26)     Running Sub Test: Compiler
     ----------------------------------------------------------------------------------------
      Initializing random seed to 0.
     Requesting Default device based on environment variable for platform index 0 and device index 0
     ERROR: clGetPlatformIDs failed! ((unknown) from 2.0/test_conformance/allocations/../../test_common/harness/testHarness.c:259)
     ----------------------------------------------------------------------------------------
  *******************************************************************************************
  *  (11-May 10:45:28)     Test Compiler ==> FAILED: 255
  *******************************************************************************************
     ----------------------------------------------------------------------------------------

========================================================================================
========================================================================================
(11-May 10:45:28)     Running Tests: commonfns/test_commonfns
========================================================================================
========================================================================================
     ----------------------------------------------------------------------------------------
     (11-May 10:45:28)     Running Sub Test: Common Functions
     ----------------------------------------------------------------------------------------
      Initializing random seed to 0.
     Requesting Default device based on environment variable for platform index 0 and device index 0
     ERROR: clGetPlatformIDs failed! ((unknown) from 2.0/test_conformance/allocations/../../test_common/harness/testHarness.c:259)
     ----------------------------------------------------------------------------------------
  *******************************************************************************************
  *  (11-May 10:45:30)     Test Common Functions ==> FAILED: 255
  *******************************************************************************************
     ----------------------------------------------------------------------------------------

========================================================================================
========================================================================================
(11-May 10:45:30)     Running Tests: geometrics/test_geometrics
========================================================================================
========================================================================================
     ----------------------------------------------------------------------------------------
     (11-May 10:45:30)     Running Sub Test: Geometric Functions
     ----------------------------------------------------------------------------------------
      Initializing random seed to 0.
     Requesting Default device based on environment variable for platform index 0 and device index 0
     ERROR: clGetPlatformIDs failed! ((unknown) from 2.0/test_conformance/allocations/../../test_common/harness/testHarness.c:259)
     ----------------------------------------------------------------------------------------
  *******************************************************************************************
  *  (11-May 10:45:32)     Test Geometric Functions ==> FAILED: 255
  *******************************************************************************************
     ----------------------------------------------------------------------------------------

========================================================================================
========================================================================================
(11-May 10:45:32)     Running Tests: relationals/test_relationals relational_*
========================================================================================
========================================================================================
     ----------------------------------------------------------------------------------------
     (11-May 10:45:32)     Running Sub Test: Relationals
     ----------------------------------------------------------------------------------------
      Initializing random seed to 0.
     Requesting Default device based on environment variable for platform index 0 and device index 0
     ERROR: clGetPlatformIDs failed! ((unknown) from 2.0/test_conformance/allocations/../../test_common/harness/testHarness.c:259)
     ----------------------------------------------------------------------------------------
  *******************************************************************************************
  *  (11-May 10:45:34)     Test Relationals ==> FAILED: 255
  *******************************************************************************************
     ----------------------------------------------------------------------------------------

========================================================================================
========================================================================================
(11-May 10:45:34)     Running Tests: thread_dimensions/test_thread_dimensions quick*
========================================================================================
========================================================================================
     ----------------------------------------------------------------------------------------
     (11-May 10:45:34)     Running Sub Test: Thread Dimensions
     ----------------------------------------------------------------------------------------
      Initializing random seed to 0.
     Requesting Default device based on environment variable for platform index 0 and device index 0
     ERROR: clGetPlatformIDs failed! ((unknown) from 2.0/test_conformance/allocations/../../test_common/harness/testHarness.c:259)
     ----------------------------------------------------------------------------------------
  *******************************************************************************************
  *  (11-May 10:45:36)     Test Thread Dimensions ==> FAILED: 255
  *******************************************************************************************
     ----------------------------------------------------------------------------------------

========================================================================================
========================================================================================
(11-May 10:45:36)     Running Tests: multiple_device_context/test_multiples
========================================================================================
========================================================================================
     ----------------------------------------------------------------------------------------
     (11-May 10:45:36)     Running Sub Test: Multiple Device/Context
     ----------------------------------------------------------------------------------------
      Initializing random seed to 0.
     Requesting Default device based on environment variable for platform index 0 and device index 0
     ERROR: clGetPlatformIDs failed! ((unknown) from 2.0/test_conformance/allocations/../../test_common/harness/testHarness.c:259)
     ----------------------------------------------------------------------------------------
  *******************************************************************************************
  *  (11-May 10:45:38)     Test Multiple Device/Context ==> FAILED: 255
  *******************************************************************************************
     ----------------------------------------------------------------------------------------

========================================================================================
========================================================================================
(11-May 10:45:38)     Running Tests: atomics/test_atomics
========================================================================================
========================================================================================
     ----------------------------------------------------------------------------------------
     (11-May 10:45:38)     Running Sub Test: Atomics
     ----------------------------------------------------------------------------------------
      Initializing random seed to 0.
     Requesting Default device based on environment variable for platform index 0 and device index 0
     ERROR: clGetPlatformIDs failed! ((unknown) from 2.0/test_conformance/allocations/../../test_common/harness/testHarness.c:259)
     ----------------------------------------------------------------------------------------
  *******************************************************************************************
  *  (11-May 10:45:40)     Test Atomics ==> FAILED: 255
  *******************************************************************************************
     ----------------------------------------------------------------------------------------

========================================================================================
========================================================================================
(11-May 10:45:40)     Running Tests: profiling/test_profiling
========================================================================================
========================================================================================
     ----------------------------------------------------------------------------------------
     (11-May 10:45:40)     Running Sub Test: Profiling
     ----------------------------------------------------------------------------------------
      Initializing random seed to 0.
     Requesting Default device based on environment variable for platform index 0 and device index 0
     ERROR: clGetPlatformIDs failed! ((unknown) from 2.0/test_conformance/allocations/../../test_common/harness/testHarness.c:259)
     ----------------------------------------------------------------------------------------
  *******************************************************************************************
  *  (11-May 10:45:42)     Test Profiling ==> FAILED: 255
  *******************************************************************************************
     ----------------------------------------------------------------------------------------

========================================================================================
========================================================================================
(11-May 10:45:42)     Running Tests: events/test_events
========================================================================================
========================================================================================
     ----------------------------------------------------------------------------------------
     (11-May 10:45:42)     Running Sub Test: Events
     ----------------------------------------------------------------------------------------
      Initializing random seed to 0.
     Requesting Default device based on environment variable for platform index 0 and device index 0
     ERROR: clGetPlatformIDs failed! ((unknown) from 2.0/test_conformance/allocations/../../test_common/harness/testHarness.c:259)
     ----------------------------------------------------------------------------------------
  *******************************************************************************************
  *  (11-May 10:45:44)     Test Events ==> FAILED: 255
  *******************************************************************************************
     ----------------------------------------------------------------------------------------

========================================================================================
========================================================================================
(11-May 10:45:44)     Running Tests: allocations/test_allocations single 1 buffer
========================================================================================
========================================================================================
     ----------------------------------------------------------------------------------------
     (11-May 10:45:44)     Running Sub Test: Allocations (single maximum)
     ----------------------------------------------------------------------------------------
     Requesting Default device based on environment variable
     ERROR: clGetPlatformIDs failed! ((unknown) from 2.0/test_conformance/allocations/main.cpp:66)
     ----------------------------------------------------------------------------------------
  *******************************************************************************************
  *  (11-May 10:45:46)     Test Allocations (single maximum) ==> FAILED: 255
  *******************************************************************************************
     ----------------------------------------------------------------------------------------

========================================================================================
========================================================================================
(11-May 10:45:46)     Running Tests: allocations/test_allocations multiple 1 buffer
========================================================================================
========================================================================================
     ----------------------------------------------------------------------------------------
     (11-May 10:45:46)     Running Sub Test: Allocations (total maximum)
     ----------------------------------------------------------------------------------------
     Requesting Default device based on environment variable
     ERROR: clGetPlatformIDs failed! ((unknown) from 2.0/test_conformance/allocations/main.cpp:66)
     ----------------------------------------------------------------------------------------
  *******************************************************************************************
  *  (11-May 10:45:48)     Test Allocations (total maximum) ==> FAILED: 255
  *******************************************************************************************
     ----------------------------------------------------------------------------------------

========================================================================================
========================================================================================
(11-May 10:45:48)     Running Tests: printf/test_printf
========================================================================================
========================================================================================
     ----------------------------------------------------------------------------------------
     (11-May 10:45:48)     Running Sub Test: Printf
     ----------------------------------------------------------------------------------------
     ----------------------------------------------------------------------------------------
  *******************************************************************************************
  *  (11-May 10:45:50)     Test Printf ==> FAILED: 255
  *******************************************************************************************
     ----------------------------------------------------------------------------------------

========================================================================================
========================================================================================
(11-May 10:45:50)     Running Tests: device_partition/test_device_partition
========================================================================================
========================================================================================
     ----------------------------------------------------------------------------------------
     (11-May 10:45:50)     Running Sub Test: Device Partitioning
     ----------------------------------------------------------------------------------------
      Initializing random seed to 0.
     Requesting Default device based on environment variable for platform index 0 and device index 0
     ERROR: clGetPlatformIDs failed! ((unknown) from 2.0/test_conformance/allocations/../../test_common/harness/testHarness.c:259)
     ----------------------------------------------------------------------------------------
  *******************************************************************************************
  *  (11-May 10:45:52)     Test Device Partitioning ==> FAILED: 255
  *******************************************************************************************
     ----------------------------------------------------------------------------------------

========================================================================================
========================================================================================
(11-May 10:45:52)     Running Tests: buffers/test_buffers buffer_read_int buffer_write_int buffer_map_read_int buffer_map_write_int sub_buffers*
========================================================================================
========================================================================================
     ----------------------------------------------------------------------------------------
     (11-May 10:45:52)     Running Sub Test: Buffers
     ----------------------------------------------------------------------------------------
      Initializing random seed to 0.
     Requesting Default device based on environment variable for platform index 0 and device index 0
     ERROR: clGetPlatformIDs failed! ((unknown) from 2.0/test_conformance/allocations/../../test_common/harness/testHarness.c:259)
     ----------------------------------------------------------------------------------------
  *******************************************************************************************
  *  (11-May 10:45:54)     Test Buffers ==> FAILED: 255
  *******************************************************************************************
     ----------------------------------------------------------------------------------------

========================================================================================
========================================================================================
(11-May 10:45:54)     Running Tests: mem_host_flags/test_mem_host_flags
========================================================================================
========================================================================================
     ----------------------------------------------------------------------------------------
     (11-May 10:45:54)     Running Sub Test: Mem (Host Flags)
     ----------------------------------------------------------------------------------------
     1st part, non gl-sharing objects...
      Initializing random seed to 0.
     Requesting Default device based on environment variable for platform index 0 and device index 0
     ERROR: clGetPlatformIDs failed! ((unknown) from 2.0/test_conformance/allocations/../../test_common/harness/testHarness.c:259)
     ----------------------------------------------------------------------------------------
  *******************************************************************************************
  *  (11-May 10:45:56)     Test Mem (Host Flags) ==> FAILED: 255
  *******************************************************************************************
     ----------------------------------------------------------------------------------------

========================================================================================
========================================================================================
(11-May 10:45:56)     Running Tests: headers/test_headers
========================================================================================
========================================================================================
     ----------------------------------------------------------------------------------------
     (11-May 10:45:56)     Running Sub Test: Headers (cl_typen)
     ----------------------------------------------------------------------------------------
     
     Checking operations on cl_types.
     Numbers, where presented, should walk upward from 0, with step of 1:
     
     Verifying assignment:
     b:   0
     b2:  0 1 
     b4:  0 1 2 3
     b8:  0 1 2 3 4 5 6 7
     b16: 0 1 2 3 4 5 6 7 8 9 10 11 12 13 14 15
     
     Verifying vector access:
     __cl_char2 SIMD vectors not supported on this architecture.
     __cl_char4 SIMD vectors not supported on this architecture.
     __cl_char8:  0 1 2 3 4 5 6 7 
     __cl_char16: 0 1 2 3 4 5 6 7 8 9 10 11 12 13 14 15 
     
     
     Verifying assignment:
     b:   0
     b2:  0 1 
     b4:  0 1 2 3
     b8:  0 1 2 3 4 5 6 7
     b16: 0 1 2 3 4 5 6 7 8 9 10 11 12 13 14 15
     
     Verifying vector access:
     __cl_uchar2 SIMD vectors not supported on this architecture.
     __cl_uchar4 SIMD vectors not supported on this architecture.
     __cl_uchar8:  0 1 2 3 4 5 6 7 
     __cl_uchar16: 0 1 2 3 4 5 6 7 8 9 10 11 12 13 14 15 
     
     
     Verifying assignment:
     b:   0
     b2:  0 1 
     b4:  0 1 2 3
     b8:  0 1 2 3 4 5 6 7
     b16: 0 1 2 3 4 5 6 7 8 9 10 11 12 13 14 15
     
     Verifying vector access:
     __cl_short2 SIMD vectors not supported on this architecture.
     __cl_short4:  0 1 2 3 
     __cl_short8:  0 1 2 3 4 5 6 7 
     __cl_short16 SIMD vectors not supported on this architecture.
     
     
     Verifying assignment:
     b:   0
     b2:  0 1 
     b4:  0 1 2 3
     b8:  0 1 2 3 4 5 6 7
     b16: 0 1 2 3 4 5 6 7 8 9 10 11 12 13 14 15
     
     Verifying vector access:
     __cl_ushort2 SIMD vectors not supported on this architecture.
     __cl_ushort4:  0 1 2 3 
     __cl_ushort8:  0 1 2 3 4 5 6 7 
     __cl_ushort16 SIMD vectors not supported on this architecture.
     
     
     Verifying assignment:
     b:   0
     b2:  0 1 
     b4:  0 1 2 3
     b8:  0 1 2 3 4 5 6 7
     b16: 0 1 2 3 4 5 6 7 8 9 10 11 12 13 14 15
     
     Verifying vector access:
     __cl_int2:  0 1 
     __cl_int4:  0 1 2 3 
     __cl_int8 SIMD vectors not supported on this architecture.
     __cl_int16 SIMD vectors not supported on this architecture.
     
     
     Verifying assignment:
     b:   0
     b2:  0 1 
     b4:  0 1 2 3
     b8:  0 1 2 3 4 5 6 7
     b16: 0 1 2 3 4 5 6 7 8 9 10 11 12 13 14 15
     
     Verifying vector access:
     __cl_uint2:  0 1 
     __cl_uint4:  0 1 2 3 
     __cl_uint8 SIMD vectors not supported on this architecture.
     __cl_uint16 SIMD vectors not supported on this architecture.
     
     
     Verifying assignment:
     b:   0
     b2:  0 1 
     b4:  0 1 2 3
     b8:  0 1 2 3 4 5 6 7
     b16: 0 1 2 3 4 5 6 7 8 9 10 11 12 13 14 15
     
     Verifying vector access:
     __cl_long2:  0 1 
     __cl_long4 SIMD vectors not supported on this architecture.
     __cl_long8 SIMD vectors not supported on this architecture.
     __cl_long16 SIMD vectors not supported on this architecture.
     
     
     Verifying assignment:
     b:   0
     b2:  0 1 
     b4:  0 1 2 3
     b8:  0 1 2 3 4 5 6 7
     b16: 0 1 2 3 4 5 6 7 8 9 10 11 12 13 14 15
     
     Verifying vector access:
     __cl_ulong2:  0 1 
     __cl_ulong4 SIMD vectors not supported on this architecture.
     __cl_ulong8 SIMD vectors not supported on this architecture.
     __cl_ulong16 SIMD vectors not supported on this architecture.
     
     
     Verifying assignment:
     b:   0.000000
     b2:  0.000000 1.000000 
     b4:  0.000000 1.000000 2.000000 3.000000
     b8:  0.000000 1.000000 2.000000 3.000000 4.000000 5.000000 6.000000 7.000000
     b16: 0.000000 1.000000 2.000000 3.000000 4.000000 5.000000 6.000000 7.000000 8.000000 9.000000 10.000000 11.000000 12.000000 13.000000 14.000000 15.000000
     
     Verifying vector access:
     __cl_float2:  0.000000 1.000000 
     __cl_float4:  0.000000 1.000000 2.000000 3.000000 
     __cl_float8 SIMD vectors not supported on this architecture.
     __cl_float16 SIMD vectors not supported on this architecture.
     
     
     Verifying assignment:
     b:   0.000000
     b2:  0.000000 1.000000 
     b4:  0.000000 1.000000 2.000000 3.000000
     b8:  0.000000 1.000000 2.000000 3.000000 4.000000 5.000000 6.000000 7.000000
     b16: 0.000000 1.000000 2.000000 3.000000 4.000000 5.000000 6.000000 7.000000 8.000000 9.000000 10.000000 11.000000 12.000000 13.000000 14.000000 15.000000
     
     Verifying vector access:
     __cl_double2:  0.000000 1.000000 
     __cl_double4 SIMD vectors not supported on this architecture.
     __cl_double8 SIMD vectors not supported on this architecture.
     __cl_double16 SIMD vectors not supported on this architecture.
     
     PASSED test.
     ----------------------------------------------------------------------------------------
     (11-May 10:45:59)     Test Headers (cl_typen) passed in 2.22243404388s
     ----------------------------------------------------------------------------------------

========================================================================================
========================================================================================
(11-May 10:45:59)     Running Tests: headers/test_cl_h
========================================================================================
========================================================================================
     ----------------------------------------------------------------------------------------
     (11-May 10:45:59)     Running Sub Test: Headers (cl.h standalone)
     ----------------------------------------------------------------------------------------
     cl.h standalone test PASSED.
     ----------------------------------------------------------------------------------------
     (11-May 10:46:01)     Test Headers (cl.h standalone) passed in 2.01428699493s
     ----------------------------------------------------------------------------------------

========================================================================================
========================================================================================
(11-May 10:46:01)     Running Tests: headers/test_cl_platform_h
========================================================================================
========================================================================================
     ----------------------------------------------------------------------------------------
     (11-May 10:46:01)     Running Sub Test: Headers (cl_platform.h standalone)
     ----------------------------------------------------------------------------------------
     cl_platform.h standalone test PASSED.
     ----------------------------------------------------------------------------------------
     (11-May 10:46:03)     Test Headers (cl_platform.h standalone) passed in 2.01484680176s
     ----------------------------------------------------------------------------------------

========================================================================================
========================================================================================
(11-May 10:46:03)     Running Tests: headers/test_cl_gl_h
========================================================================================
========================================================================================
     ----------------------------------------------------------------------------------------
     (11-May 10:46:03)     Running Sub Test: Headers (cl_gl.h standalone)
     ----------------------------------------------------------------------------------------
     cl_gl.h standalone test PASSED.
     ----------------------------------------------------------------------------------------
     (11-May 10:46:05)     Test Headers (cl_gl.h standalone) passed in 2.01429009438s
     ----------------------------------------------------------------------------------------

========================================================================================
========================================================================================
(11-May 10:46:05)     Running Tests: headers/test_opencl_h
========================================================================================
========================================================================================
     ----------------------------------------------------------------------------------------
     (11-May 10:46:05)     Running Sub Test: Headers (opencl.h standalone)
     ----------------------------------------------------------------------------------------

FAILED: Execution interrupted.  Killing test process, but not aborting full test run.
